<?xml version="1.0" encoding="UTF-8"?>
<testsuite xmlns:xsi="http://www.w3.org/2001/XMLSchema-instance" xsi:noNamespaceSchemaLocation="https://maven.apache.org/surefire/maven-surefire-plugin/xsd/surefire-test-report.xsd" name="com.formacionbdi.springboot.app.productos.ProductsTest" time="40.516" tests="1" errors="0" skipped="0" failures="0">
  <properties>
[...]
</properties>
  <testcase name="validate_find_product_by_id" classname="com.formacionbdi.springboot.app.productos.ProductsTest" time="3.77"/>
</testsuite>